<?xml version="1.0" encoding="UTF-8"?>
<robot generator="Robot 7.2.2 (Python 3.13.2 on win32)" generated="2025-04-15T15:39:27.243556" rpa="false" schemaversion="5">
<suite id="s1" name="User Manager Selenium Robot Test" source="c:\Users\mthsm\Documents\B3\Qualite-logiciel-et-test\Eval\Tests\User_Manager_Selenium_Robot_Test.robot">
<test id="s1-t1" name="Test Case 1: Create User" line="7">
<kw name="Initialize Data Set" owner="keywords">
<kw name="User Name" owner="FakerLibrary">
<msg time="2025-04-15T15:39:27.702999" level="INFO">${USER_NAME} = cassandra50</msg>
<var>${USER_NAME}</var>
<status status="PASS" start="2025-04-15T15:39:27.702625" elapsed="0.001482"/>
</kw>
<kw name="User Name" owner="FakerLibrary">
<msg time="2025-04-15T15:39:27.704637" level="INFO">${EMPLOYEE_USERNAME} = brownjustin</msg>
<var>${EMPLOYEE_USERNAME}</var>
<status status="PASS" start="2025-04-15T15:39:27.704273" elapsed="0.000458"/>
</kw>
<kw name="First Name" owner="FakerLibrary">
<msg time="2025-04-15T15:39:27.705017" level="INFO">${EMPLOYEE_FIRST_NAME} = Kelly</msg>
<var>${EMPLOYEE_FIRST_NAME}</var>
<status status="PASS" start="2025-04-15T15:39:27.704844" elapsed="0.000241"/>
</kw>
<kw name="First Name" owner="FakerLibrary">
<msg time="2025-04-15T15:39:27.705337" level="INFO">${EMPLOYEE_MIDDLE_NAME} = Jessica</msg>
<var>${EMPLOYEE_MIDDLE_NAME}</var>
<status status="PASS" start="2025-04-15T15:39:27.705177" elapsed="0.000218"/>
</kw>
<kw name="Last Name" owner="FakerLibrary">
<msg time="2025-04-15T15:39:27.705713" level="INFO">${EMPLOYEE_LAST_NAME} = Matthews</msg>
<var>${EMPLOYEE_LAST_NAME}</var>
<status status="PASS" start="2025-04-15T15:39:27.705528" elapsed="0.000258"/>
</kw>
<kw name="Password" owner="FakerLibrary">
<msg time="2025-04-15T15:39:27.706030" level="INFO">${USER_PASSWORD} = JXDcZn8f^0</msg>
<var>${USER_PASSWORD}</var>
<doc>Generate a random password of the specified ``length``.</doc>
<status status="PASS" start="2025-04-15T15:39:27.705883" elapsed="0.000207"/>
</kw>
<kw name="Password" owner="FakerLibrary">
<msg time="2025-04-15T15:39:27.706326" level="INFO">${EMPLOYEE_PASSWORD} = (v+31S#h6_</msg>
<var>${EMPLOYEE_PASSWORD}</var>
<doc>Generate a random password of the specified ``length``.</doc>
<status status="PASS" start="2025-04-15T15:39:27.706183" elapsed="0.000199"/>
</kw>
<status status="PASS" start="2025-04-15T15:39:27.701934" elapsed="0.004523"/>
</kw>
<kw name="Login to Website" owner="keywords">
<kw name="Open Browser" owner="SeleniumLibrary">
<msg time="2025-04-15T15:39:27.707455" level="INFO">Opening browser 'Chrome' to base url 'https://opensource-demo.orangehrmlive.com/web/index.php/auth/login'.</msg>
<arg>${URL}</arg>
<arg>Chrome</arg>
<doc>Opens a new browser instance to the optional ``url``.</doc>
<status status="PASS" start="2025-04-15T15:39:27.707245" elapsed="2.754662"/>
</kw>
<kw name="Maximize Browser Window" owner="SeleniumLibrary">
<doc>Maximizes current browser window.</doc>
<status status="PASS" start="2025-04-15T15:39:30.462220" elapsed="0.038481"/>
</kw>
<kw name="Wait Until Element Is Visible" owner="SeleniumLibrary">
<arg>${LOGIN_INPUT_USERNAME}</arg>
<arg>timeout=10s</arg>
<doc>Waits until the element ``locator`` is visible.</doc>
<status status="PASS" start="2025-04-15T15:39:30.500937" elapsed="0.237825"/>
</kw>
<kw name="Input Text" owner="SeleniumLibrary">
<msg time="2025-04-15T15:39:30.739805" level="INFO">Typing text 'Admin' into text field 'xpath=//input[@name='username']'.</msg>
<arg>${LOGIN_INPUT_USERNAME}</arg>
<arg>${LOGIN_USERNAME}</arg>
<doc>Types the given ``text`` into the text field identified by ``locator``.</doc>
<status status="PASS" start="2025-04-15T15:39:30.739381" elapsed="0.100369"/>
</kw>
<kw name="Input Text" owner="SeleniumLibrary">
<msg time="2025-04-15T15:39:30.840235" level="INFO">Typing text 'admin123' into text field 'xpath=//input[@name='password']'.</msg>
<arg>${LOGIN_INPUT_PASSWORD}</arg>
<arg>${LOGIN_PASSWORD}</arg>
<doc>Types the given ``text`` into the text field identified by ``locator``.</doc>
<status status="PASS" start="2025-04-15T15:39:30.839981" elapsed="0.076690"/>
</kw>
<kw name="Click Button" owner="SeleniumLibrary">
<msg time="2025-04-15T15:39:30.917172" level="INFO">Clicking button 'xpath=//button[@type='submit']'.</msg>
<arg>${SUBMIT_BUTTON}</arg>
<doc>Clicks the button identified by ``locator``.</doc>
<status status="PASS" start="2025-04-15T15:39:30.916900" elapsed="0.929288"/>
</kw>
<status status="PASS" start="2025-04-15T15:39:27.706767" elapsed="4.139683"/>
</kw>
<kw name="Wait Until Element Is Visible" owner="SeleniumLibrary">
<arg>${ADMIN_NAVIGATION}</arg>
<arg>timeout=10s</arg>
<doc>Waits until the element ``locator`` is visible.</doc>
<status status="PASS" start="2025-04-15T15:39:31.847177" elapsed="0.248399"/>
</kw>
<kw name="Click Element" owner="SeleniumLibrary">
<msg time="2025-04-15T15:39:32.096749" level="INFO">Clicking element 'xpath=//a[.//span[contains(normalize-space(.), 'Admin')]]'.</msg>
<arg>${ADMIN_NAVIGATION}</arg>
<doc>Click the element identified by ``locator``.</doc>
<status status="PASS" start="2025-04-15T15:39:32.096399" elapsed="0.663551"/>
</kw>
<kw name="Wait Until Element Is Visible" owner="SeleniumLibrary">
<arg>${ADMIN_BUTTON_ADD}</arg>
<arg>timeout=10s</arg>
<doc>Waits until the element ``locator`` is visible.</doc>
<status status="PASS" start="2025-04-15T15:39:32.760447" elapsed="0.235673"/>
</kw>
<kw name="Click Element" owner="SeleniumLibrary">
<msg time="2025-04-15T15:39:32.997081" level="INFO">Clicking element 'xpath=//button[normalize-space(.)='Add']'.</msg>
<arg>${ADMIN_BUTTON_ADD}</arg>
<doc>Click the element identified by ``locator``.</doc>
<status status="PASS" start="2025-04-15T15:39:32.996833" elapsed="0.304639"/>
</kw>
<kw name="Click Element" owner="SeleniumLibrary">
<msg time="2025-04-15T15:39:33.302238" level="INFO">Clicking element 'xpath=//label[text()='User Role']/ancestor::div[contains(@class,'oxd-input-group')]//div[contains(@class,'oxd-select-text')]'.</msg>
<msg time="2025-04-15T15:39:33.424596" level="INFO" html="true">&lt;/td&gt;&lt;/tr&gt;&lt;tr&gt;&lt;td colspan="3"&gt;&lt;a href="selenium-screenshot-6.png"&gt;&lt;img src="selenium-screenshot-6.png" width="800px"&gt;&lt;/a&gt;</msg>
<msg time="2025-04-15T15:39:33.424867" level="FAIL">Element with locator 'xpath=//label[text()='User Role']/ancestor::div[contains(@class,'oxd-input-group')]//div[contains(@class,'oxd-select-text')]' not found.</msg>
<arg>${ADMIN_FORM_INPUT_ROLE}</arg>
<doc>Click the element identified by ``locator``.</doc>
<status status="FAIL" start="2025-04-15T15:39:33.301942" elapsed="0.126988">Element with locator 'xpath=//label[text()='User Role']/ancestor::div[contains(@class,'oxd-input-group')]//div[contains(@class,'oxd-select-text')]' not found.</status>
</kw>
<kw name="Click Element" owner="SeleniumLibrary">
<arg>xpath=//div[@role="option" and text()='${USER_ROLE}']</arg>
<doc>Click the element identified by ``locator``.</doc>
<status status="NOT RUN" start="2025-04-15T15:39:33.431061" elapsed="0.000127"/>
</kw>
<kw name="Click Element" owner="SeleniumLibrary">
<arg>${ADMIN_FORM_INPUT_STATUS}</arg>
<doc>Click the element identified by ``locator``.</doc>
<status status="NOT RUN" start="2025-04-15T15:39:33.431713" elapsed="0.000120"/>
</kw>
<kw name="Click Element" owner="SeleniumLibrary">
<arg>xpath=//div[@role="option" and text()='${USER_STATUS}']</arg>
<doc>Click the element identified by ``locator``.</doc>
<status status="NOT RUN" start="2025-04-15T15:39:33.432687" elapsed="0.000155"/>
</kw>
<kw name="Input Text" owner="SeleniumLibrary">
<arg>${ADMIN_FORM_INPUT_EMPLOYEE_NAME}</arg>
<arg>${EMPLOYEE_FIRST_NAME} ${EMPLOYEE_LAST_NAME}</arg>
<doc>Types the given ``text`` into the text field identified by ``locator``.</doc>
<status status="NOT RUN" start="2025-04-15T15:39:33.437778" elapsed="0.000267"/>
</kw>
<kw name="Enter username for create form" owner="keywords">
<arg>${USER_NAME}</arg>
<status status="NOT RUN" start="2025-04-15T15:39:33.439432" elapsed="0.000284"/>
</kw>
<kw name="Enter passwords for create form" owner="keywords">
<arg>${USER_PASSWORD}</arg>
<status status="NOT RUN" start="2025-04-15T15:39:33.440364" elapsed="0.000402"/>
</kw>
<kw name="Click submit button" owner="keywords">
<status status="NOT RUN" start="2025-04-15T15:39:33.441664" elapsed="0.000245"/>
</kw>
<kw name="Logout" owner="keywords">
<status status="NOT RUN" start="2025-04-15T15:39:33.442784" elapsed="0.000136"/>
</kw>
<tag>create</tag>
<tag>tnr</tag>
<status status="FAIL" start="2025-04-15T15:39:27.701099" elapsed="5.742744">Element with locator 'xpath=//label[text()='User Role']/ancestor::div[contains(@class,'oxd-input-group')]//div[contains(@class,'oxd-select-text')]' not found.</status>
</test>
<status status="FAIL" start="2025-04-15T15:39:27.246522" elapsed="6.199407"/>
</suite>
<statistics>
<total>
<stat pass="0" fail="1" skip="0">All Tests</stat>
</total>
<tag>
<stat pass="0" fail="1" skip="0">create</stat>
<stat pass="0" fail="1" skip="0">tnr</stat>
</tag>
<suite>
<stat name="User Manager Selenium Robot Test" id="s1" pass="0" fail="1" skip="0">User Manager Selenium Robot Test</stat>
</suite>
</statistics>
<errors>
</errors>
</robot>
