<?xml version="1.0" encoding="UTF-8"?>
<robot generator="Robot 7.2.2 (Python 3.13.2 on win32)" generated="2025-04-15T17:24:50.145186" rpa="false" schemaversion="5">
<suite id="s1" name="User Manager Selenium Robot Test" source="c:\Users\mthsm\Documents\B3\Qualite-logiciel-et-test\Eval\Tests\User_Manager_Selenium_Robot_Test.robot">
<kw name="Login to Website" owner="keywords" type="SETUP">
<kw name="Open Browser" owner="SeleniumLibrary">
<msg time="2025-04-15T17:24:50.586205" level="INFO">Opening browser 'Chrome' to base url 'https://opensource-demo.orangehrmlive.com/web/index.php/auth/login'.</msg>
<arg>${URL}</arg>
<arg>Chrome</arg>
<doc>Opens a new browser instance to the optional ``url``.</doc>
<status status="PASS" start="2025-04-15T17:24:50.585968" elapsed="2.744981"/>
</kw>
<kw name="Maximize Browser Window" owner="SeleniumLibrary">
<doc>Maximizes current browser window.</doc>
<status status="PASS" start="2025-04-15T17:24:53.331341" elapsed="0.043514"/>
</kw>
<kw name="Wait Until Element Is Visible" owner="SeleniumLibrary">
<arg>${LOGIN_INPUT_USERNAME}</arg>
<arg>timeout=10s</arg>
<doc>Waits until the element ``locator`` is visible.</doc>
<status status="PASS" start="2025-04-15T17:24:53.375174" elapsed="0.237496"/>
</kw>
<kw name="Input Text" owner="SeleniumLibrary">
<msg time="2025-04-15T17:24:53.613386" level="INFO">Typing text 'Admin' into text field 'xpath=//input[@name='username']'.</msg>
<arg>${LOGIN_INPUT_USERNAME}</arg>
<arg>${LOGIN_USERNAME}</arg>
<doc>Types the given ``text`` into the text field identified by ``locator``.</doc>
<status status="PASS" start="2025-04-15T17:24:53.612948" elapsed="0.100431"/>
</kw>
<kw name="Input Text" owner="SeleniumLibrary">
<msg time="2025-04-15T17:24:53.713993" level="INFO">Typing text 'admin123' into text field 'xpath=//input[@name='password']'.</msg>
<arg>${LOGIN_INPUT_PASSWORD}</arg>
<arg>${LOGIN_PASSWORD}</arg>
<doc>Types the given ``text`` into the text field identified by ``locator``.</doc>
<status status="PASS" start="2025-04-15T17:24:53.713660" elapsed="0.070153"/>
</kw>
<kw name="Click Button" owner="SeleniumLibrary">
<msg time="2025-04-15T17:24:53.784421" level="INFO">Clicking button 'xpath=//button[@type='submit']'.</msg>
<arg>${SUBMIT_BUTTON}</arg>
<doc>Clicks the button identified by ``locator``.</doc>
<status status="PASS" start="2025-04-15T17:24:53.784112" elapsed="0.133514"/>
</kw>
<status status="PASS" start="2025-04-15T17:24:50.585311" elapsed="3.332611"/>
</kw>
<test id="s1-t1" name="Test User Manager" line="9">
<kw name="Initialize Data Set" owner="keywords">
<kw name="User Name" owner="FakerLibrary">
<msg time="2025-04-15T17:24:53.922689" level="INFO">${generated_user_name} = markhall</msg>
<var>${generated_user_name}</var>
<status status="PASS" start="2025-04-15T17:24:53.921994" elapsed="0.000858"/>
</kw>
<kw name="User Name" owner="FakerLibrary">
<msg time="2025-04-15T17:24:53.923303" level="INFO">${generated_employee_username} = christopher29</msg>
<var>${generated_employee_username}</var>
<status status="PASS" start="2025-04-15T17:24:53.923047" elapsed="0.000346"/>
</kw>
<kw name="First Name" owner="FakerLibrary">
<msg time="2025-04-15T17:24:53.923747" level="INFO">${generated_first_name} = Chelsea</msg>
<var>${generated_first_name}</var>
<status status="PASS" start="2025-04-15T17:24:53.923499" elapsed="0.000328"/>
</kw>
<kw name="First Name" owner="FakerLibrary">
<msg time="2025-04-15T17:24:53.924134" level="INFO">${generated_middle_name} = Richard</msg>
<var>${generated_middle_name}</var>
<status status="PASS" start="2025-04-15T17:24:53.923933" elapsed="0.000294"/>
</kw>
<kw name="Last Name" owner="FakerLibrary">
<msg time="2025-04-15T17:24:53.924595" level="INFO">${generated_last_name} = Wilson</msg>
<var>${generated_last_name}</var>
<status status="PASS" start="2025-04-15T17:24:53.924329" elapsed="0.000349"/>
</kw>
<kw name="Password" owner="FakerLibrary">
<msg time="2025-04-15T17:24:53.924978" level="INFO">${generated_user_password} = r%2P#ag7V7</msg>
<var>${generated_user_password}</var>
<doc>Generate a random password of the specified ``length``.</doc>
<status status="PASS" start="2025-04-15T17:24:53.924801" elapsed="0.000247"/>
</kw>
<kw name="Password" owner="FakerLibrary">
<msg time="2025-04-15T17:24:53.925542" level="INFO">${generated_employee_password} = k$o3sHv$Xs</msg>
<var>${generated_employee_password}</var>
<doc>Generate a random password of the specified ``length``.</doc>
<status status="PASS" start="2025-04-15T17:24:53.925223" elapsed="0.000393"/>
</kw>
<kw name="Set Test Variable" owner="BuiltIn">
<msg time="2025-04-15T17:24:53.925942" level="INFO">${USER_NAME} = markhall</msg>
<arg>${USER_NAME}</arg>
<arg>${generated_user_name}</arg>
<doc>Makes a variable available everywhere within the scope of the current test.</doc>
<status status="PASS" start="2025-04-15T17:24:53.925742" elapsed="0.000286"/>
</kw>
<kw name="Set Test Variable" owner="BuiltIn">
<msg time="2025-04-15T17:24:53.926434" level="INFO">${EMPLOYEE_USERNAME} = christopher29</msg>
<arg>${EMPLOYEE_USERNAME}</arg>
<arg>${generated_employee_username}</arg>
<doc>Makes a variable available everywhere within the scope of the current test.</doc>
<status status="PASS" start="2025-04-15T17:24:53.926138" elapsed="0.000390"/>
</kw>
<kw name="Set Test Variable" owner="BuiltIn">
<msg time="2025-04-15T17:24:53.926800" level="INFO">${EMPLOYEE_FIRST_NAME} = Chelsea</msg>
<arg>${EMPLOYEE_FIRST_NAME}</arg>
<arg>${generated_first_name}</arg>
<doc>Makes a variable available everywhere within the scope of the current test.</doc>
<status status="PASS" start="2025-04-15T17:24:53.926646" elapsed="0.000227"/>
</kw>
<kw name="Set Test Variable" owner="BuiltIn">
<msg time="2025-04-15T17:24:53.927124" level="INFO">${EMPLOYEE_MIDDLE_NAME} = Richard</msg>
<arg>${EMPLOYEE_MIDDLE_NAME}</arg>
<arg>${generated_middle_name}</arg>
<doc>Makes a variable available everywhere within the scope of the current test.</doc>
<status status="PASS" start="2025-04-15T17:24:53.926986" elapsed="0.000203"/>
</kw>
<kw name="Set Test Variable" owner="BuiltIn">
<msg time="2025-04-15T17:24:53.927425" level="INFO">${EMPLOYEE_LAST_NAME} = Wilson</msg>
<arg>${EMPLOYEE_LAST_NAME}</arg>
<arg>${generated_last_name}</arg>
<doc>Makes a variable available everywhere within the scope of the current test.</doc>
<status status="PASS" start="2025-04-15T17:24:53.927283" elapsed="0.000213"/>
</kw>
<kw name="Set Test Variable" owner="BuiltIn">
<msg time="2025-04-15T17:24:53.927749" level="INFO">${USER_PASSWORD} = r%2P#ag7V7</msg>
<arg>${USER_PASSWORD}</arg>
<arg>${generated_user_password}</arg>
<doc>Makes a variable available everywhere within the scope of the current test.</doc>
<status status="PASS" start="2025-04-15T17:24:53.927593" elapsed="0.000237"/>
</kw>
<kw name="Set Test Variable" owner="BuiltIn">
<msg time="2025-04-15T17:24:53.928188" level="INFO">${EMPLOYEE_PASSWORD} = k$o3sHv$Xs</msg>
<arg>${EMPLOYEE_PASSWORD}</arg>
<arg>${generated_employee_password}</arg>
<doc>Makes a variable available everywhere within the scope of the current test.</doc>
<status status="PASS" start="2025-04-15T17:24:53.927948" elapsed="0.000331"/>
</kw>
<status status="PASS" start="2025-04-15T17:24:53.921507" elapsed="0.006857"/>
</kw>
<kw name="Create User">
<kw name="Admin Navigation">
<kw name="Wait Until Element Is Visible" owner="SeleniumLibrary">
<arg>${ADMIN_NAVIGATION}</arg>
<arg>timeout=10s</arg>
<doc>Waits until the element ``locator`` is visible.</doc>
<status status="PASS" start="2025-04-15T17:24:53.929682" elapsed="0.978868"/>
</kw>
<kw name="Click Element" owner="SeleniumLibrary">
<msg time="2025-04-15T17:24:54.909168" level="INFO">Clicking element 'xpath=//a[.//span[contains(normalize-space(.), 'Admin')]]'.</msg>
<arg>${ADMIN_NAVIGATION}</arg>
<doc>Click the element identified by ``locator``.</doc>
<status status="PASS" start="2025-04-15T17:24:54.908828" elapsed="0.661454"/>
</kw>
<status status="PASS" start="2025-04-15T17:24:53.929315" elapsed="1.641207"/>
</kw>
<kw name="Wait Until Element Is Visible" owner="SeleniumLibrary">
<arg>${ADMIN_BUTTON_ADD}</arg>
<arg>timeout=10s</arg>
<doc>Waits until the element ``locator`` is visible.</doc>
<status status="PASS" start="2025-04-15T17:24:55.570728" elapsed="0.244471"/>
</kw>
<kw name="Click Element" owner="SeleniumLibrary">
<msg time="2025-04-15T17:24:55.815940" level="INFO">Clicking element 'xpath=//button[normalize-space(.)='Add']'.</msg>
<arg>${ADMIN_BUTTON_ADD}</arg>
<doc>Click the element identified by ``locator``.</doc>
<status status="PASS" start="2025-04-15T17:24:55.815564" elapsed="0.339655"/>
</kw>
<kw name="Wait Until Element Is Visible" owner="SeleniumLibrary">
<arg>${ADMIN_FORM_INPUT_ROLE}</arg>
<arg>timeout=10s</arg>
<doc>Waits until the element ``locator`` is visible.</doc>
<status status="PASS" start="2025-04-15T17:24:56.155612" elapsed="0.237452"/>
</kw>
<kw name="Click Element" owner="SeleniumLibrary">
<msg time="2025-04-15T17:24:56.393582" level="INFO">Clicking element 'xpath=//label[text()='User Role']/ancestor::div[contains(@class,'oxd-input-group')]//div[contains(@class,'oxd-select-text')]'.</msg>
<arg>${ADMIN_FORM_INPUT_ROLE}</arg>
<doc>Click the element identified by ``locator``.</doc>
<status status="PASS" start="2025-04-15T17:24:56.393320" elapsed="0.083297"/>
</kw>
<kw name="Wait Until Element Is Visible" owner="SeleniumLibrary">
<arg>${ADMIN_FORM_DROPDOWN_THIRD_ELEMENT}</arg>
<arg>timeout=5s</arg>
<doc>Waits until the element ``locator`` is visible.</doc>
<status status="PASS" start="2025-04-15T17:24:56.476934" elapsed="0.024314"/>
</kw>
<kw name="Click Element" owner="SeleniumLibrary">
<msg time="2025-04-15T17:24:56.501902" level="INFO">Clicking element 'xpath=//div[@role='listbox']//div[3]'.</msg>
<arg>${ADMIN_FORM_DROPDOWN_THIRD_ELEMENT}</arg>
<doc>Click the element identified by ``locator``.</doc>
<status status="PASS" start="2025-04-15T17:24:56.501576" elapsed="0.093077"/>
</kw>
<kw name="Click Element" owner="SeleniumLibrary">
<msg time="2025-04-15T17:24:56.595419" level="INFO">Clicking element 'xpath=//label[text()='Status']/ancestor::div[contains(@class,'oxd-input-group')]//div[contains(@class,'oxd-select-text')]'.</msg>
<arg>${ADMIN_FORM_INPUT_STATUS}</arg>
<doc>Click the element identified by ``locator``.</doc>
<status status="PASS" start="2025-04-15T17:24:56.594998" elapsed="0.135022"/>
</kw>
<kw name="Wait Until Element Is Visible" owner="SeleniumLibrary">
<arg>${ADMIN_FORM_DROPDOWN_SECOND_ELEMENT}</arg>
<arg>timeout=5s</arg>
<doc>Waits until the element ``locator`` is visible.</doc>
<status status="PASS" start="2025-04-15T17:24:56.730493" elapsed="0.038501"/>
</kw>
<kw name="Click Element" owner="SeleniumLibrary">
<msg time="2025-04-15T17:24:56.769679" level="INFO">Clicking element 'xpath=//div[@role='listbox']//div[2]'.</msg>
<arg>${ADMIN_FORM_DROPDOWN_SECOND_ELEMENT}</arg>
<doc>Click the element identified by ``locator``.</doc>
<status status="PASS" start="2025-04-15T17:24:56.769334" elapsed="0.080942"/>
</kw>
<kw name="Input Text" owner="SeleniumLibrary">
<msg time="2025-04-15T17:24:56.850916" level="INFO">Typing text 'a' into text field 'xpath=//label[text()='Employee Name']/ancestor::div[contains(@class,'oxd-input-group')]//input'.</msg>
<arg>${ADMIN_FORM_INPUT_EMPLOYEE_NAME}</arg>
<arg>${USER_EMPLOYEE_NAME}</arg>
<doc>Types the given ``text`` into the text field identified by ``locator``.</doc>
<status status="PASS" start="2025-04-15T17:24:56.850558" elapsed="0.093493"/>
</kw>
<kw name="Wait Until Element Is Visible" owner="SeleniumLibrary">
<arg>${ADMIN_FORM_DROPDOWN_THIRD_ELEMENT}</arg>
<arg>timeout=5s</arg>
<doc>Waits until the element ``locator`` is visible.</doc>
<status status="PASS" start="2025-04-15T17:24:56.944321" elapsed="1.121869"/>
</kw>
<kw name="Click Element" owner="SeleniumLibrary">
<msg time="2025-04-15T17:24:58.066718" level="INFO">Clicking element 'xpath=//div[@role='listbox']//div[3]'.</msg>
<arg>${ADMIN_FORM_DROPDOWN_THIRD_ELEMENT}</arg>
<doc>Click the element identified by ``locator``.</doc>
<status status="PASS" start="2025-04-15T17:24:58.066445" elapsed="0.070962"/>
</kw>
<kw name="Enter username for create form" owner="keywords">
<kw name="Input Text" owner="SeleniumLibrary">
<msg time="2025-04-15T17:24:58.138581" level="INFO">Typing text 'markhall' into text field 'xpath=//label[text()='Username']/ancestor::div[contains(@class,'oxd-input-group')]//input'.</msg>
<arg>${FORM_INPUT_USERNAME}</arg>
<arg>${USERNAME}</arg>
<doc>Types the given ``text`` into the text field identified by ``locator``.</doc>
<status status="PASS" start="2025-04-15T17:24:58.138300" elapsed="0.110697"/>
</kw>
<arg>${USER_NAME}</arg>
<status status="PASS" start="2025-04-15T17:24:58.137792" elapsed="0.111442"/>
</kw>
<kw name="Enter passwords for create form" owner="keywords">
<kw name="Input Text" owner="SeleniumLibrary">
<msg time="2025-04-15T17:24:58.250533" level="INFO">Typing text 'r%2P#ag7V7' into text field 'xpath=//label[text()='Password']/ancestor::div[contains(@class,'oxd-input-group')]//input'.</msg>
<arg>${FORM_INPUT_PASSWORD}</arg>
<arg>${PASSWORD}</arg>
<doc>Types the given ``text`` into the text field identified by ``locator``.</doc>
<status status="PASS" start="2025-04-15T17:24:58.250084" elapsed="0.100919"/>
</kw>
<kw name="Input Text" owner="SeleniumLibrary">
<msg time="2025-04-15T17:24:58.351574" level="INFO">Typing text 'r%2P#ag7V7' into text field 'xpath=//label[text()='Confirm Password']/ancestor::div[contains(@class,'oxd-input-group')]//input'.</msg>
<arg>${FORM_INPUT_CONFIRM_PASSWORD}</arg>
<arg>${PASSWORD}</arg>
<doc>Types the given ``text`` into the text field identified by ``locator``.</doc>
<status status="PASS" start="2025-04-15T17:24:58.351261" elapsed="0.098939"/>
</kw>
<arg>${USER_PASSWORD}</arg>
<status status="PASS" start="2025-04-15T17:24:58.249550" elapsed="0.200915"/>
</kw>
<kw name="Click submit button" owner="keywords">
<kw name="Click When Visible" owner="keywords">
<kw name="Wait Until Element Is Visible" owner="SeleniumLibrary">
<arg>${locator}</arg>
<arg>timeout=${timeout}</arg>
<doc>Waits until the element ``locator`` is visible.</doc>
<status status="PASS" start="2025-04-15T17:24:58.451850" elapsed="0.015287"/>
</kw>
<kw name="Click Element" owner="SeleniumLibrary">
<msg time="2025-04-15T17:24:58.467757" level="INFO">Clicking element 'xpath=//button[@type='submit']'.</msg>
<arg>${locator}</arg>
<doc>Click the element identified by ``locator``.</doc>
<status status="PASS" start="2025-04-15T17:24:58.467455" elapsed="0.072826"/>
</kw>
<arg>${SUBMIT_BUTTON}</arg>
<status status="PASS" start="2025-04-15T17:24:58.451393" elapsed="0.089123"/>
</kw>
<status status="PASS" start="2025-04-15T17:24:58.450870" elapsed="0.089764"/>
</kw>
<status status="PASS" start="2025-04-15T17:24:53.928803" elapsed="4.611933"/>
</kw>
<kw name="Search User">
<kw name="Admin Navigation">
<kw name="Wait Until Element Is Visible" owner="SeleniumLibrary">
<arg>${ADMIN_NAVIGATION}</arg>
<arg>timeout=10s</arg>
<doc>Waits until the element ``locator`` is visible.</doc>
<status status="PASS" start="2025-04-15T17:24:58.547435" elapsed="0.018577"/>
</kw>
<kw name="Click Element" owner="SeleniumLibrary">
<msg time="2025-04-15T17:24:58.566652" level="INFO">Clicking element 'xpath=//a[.//span[contains(normalize-space(.), 'Admin')]]'.</msg>
<arg>${ADMIN_NAVIGATION}</arg>
<doc>Click the element identified by ``locator``.</doc>
<status status="PASS" start="2025-04-15T17:24:58.566337" elapsed="0.515250"/>
</kw>
<status status="PASS" start="2025-04-15T17:24:58.546841" elapsed="0.535252"/>
</kw>
<kw name="Wait Until Element Is Visible" owner="SeleniumLibrary">
<arg>${ADMIN_FORM_INPUT_EMPLOYEE_NAME}</arg>
<arg>timeout=10s</arg>
<doc>Waits until the element ``locator`` is visible.</doc>
<status status="PASS" start="2025-04-15T17:24:59.082516" elapsed="0.250042"/>
</kw>
<kw name="Do Search">
<kw name="Click Element" owner="SeleniumLibrary">
<msg time="2025-04-15T17:24:59.333651" level="INFO">Clicking element 'xpath=//label[text()='User Role']/ancestor::div[contains(@class,'oxd-input-group')]//div[contains(@class,'oxd-select-text')]'.</msg>
<arg>${ADMIN_FORM_INPUT_ROLE}</arg>
<doc>Click the element identified by ``locator``.</doc>
<status status="PASS" start="2025-04-15T17:24:59.333393" elapsed="0.106188"/>
</kw>
<kw name="Wait Until Element Is Visible" owner="SeleniumLibrary">
<arg>${ADMIN_FORM_DROPDOWN_THIRD_ELEMENT}</arg>
<arg>timeout=5s</arg>
<doc>Waits until the element ``locator`` is visible.</doc>
<status status="PASS" start="2025-04-15T17:24:59.439948" elapsed="0.029947"/>
</kw>
<kw name="Click Element" owner="SeleniumLibrary">
<msg time="2025-04-15T17:24:59.470676" level="INFO">Clicking element 'xpath=//div[@role='listbox']//div[3]'.</msg>
<arg>${ADMIN_FORM_DROPDOWN_THIRD_ELEMENT}</arg>
<doc>Click the element identified by ``locator``.</doc>
<status status="PASS" start="2025-04-15T17:24:59.470276" elapsed="0.159109"/>
</kw>
<kw name="Click submit button" owner="keywords">
<kw name="Click When Visible" owner="keywords">
<kw name="Wait Until Element Is Visible" owner="SeleniumLibrary">
<arg>${locator}</arg>
<arg>timeout=${timeout}</arg>
<doc>Waits until the element ``locator`` is visible.</doc>
<status status="PASS" start="2025-04-15T17:24:59.630997" elapsed="0.023125"/>
</kw>
<kw name="Click Element" owner="SeleniumLibrary">
<msg time="2025-04-15T17:24:59.654901" level="INFO">Clicking element 'xpath=//button[@type='submit']'.</msg>
<arg>${locator}</arg>
<doc>Click the element identified by ``locator``.</doc>
<status status="PASS" start="2025-04-15T17:24:59.654503" elapsed="0.190728"/>
</kw>
<arg>${SUBMIT_BUTTON}</arg>
<status status="PASS" start="2025-04-15T17:24:59.630378" elapsed="0.215166"/>
</kw>
<status status="PASS" start="2025-04-15T17:24:59.629817" elapsed="0.215875"/>
</kw>
<kw name="Sleep" owner="BuiltIn">
<msg time="2025-04-15T17:25:01.847168" level="INFO">Slept 2 seconds.</msg>
<arg>2s</arg>
<doc>Pauses the test executed for the given time.</doc>
<status status="PASS" start="2025-04-15T17:24:59.845963" elapsed="2.001542"/>
</kw>
<status status="PASS" start="2025-04-15T17:24:59.332915" elapsed="2.514766"/>
</kw>
<kw name="Page Should Contain" owner="SeleniumLibrary">
<msg time="2025-04-15T17:25:01.873154" level="INFO">Current page contains text 'Records Found'.</msg>
<arg>Records Found</arg>
<doc>Verifies that current page contains ``text``.</doc>
<status status="PASS" start="2025-04-15T17:25:01.847881" elapsed="0.025610"/>
</kw>
<status status="PASS" start="2025-04-15T17:24:58.546242" elapsed="3.327436"/>
</kw>
<kw name="Edit User">
<kw name="Click edit button" owner="keywords">
<kw name="Click When Visible" owner="keywords">
<kw name="Wait Until Element Is Visible" owner="SeleniumLibrary">
<arg>${locator}</arg>
<arg>timeout=${timeout}</arg>
<doc>Waits until the element ``locator`` is visible.</doc>
<status status="PASS" start="2025-04-15T17:25:01.878436" elapsed="0.044749"/>
</kw>
<kw name="Click Element" owner="SeleniumLibrary">
<msg time="2025-04-15T17:25:01.923766" level="INFO">Clicking element 'xpath=//button/i[@class='oxd-icon bi-pencil-fill']'.</msg>
<arg>${locator}</arg>
<doc>Click the element identified by ``locator``.</doc>
<status status="PASS" start="2025-04-15T17:25:01.923474" elapsed="0.547426"/>
</kw>
<arg>${EDIT_BUTTON}</arg>
<status status="PASS" start="2025-04-15T17:25:01.877452" elapsed="0.593756"/>
</kw>
<status status="PASS" start="2025-04-15T17:25:01.877026" elapsed="0.594334"/>
</kw>
<kw name="Wait Until Element Is Visible" owner="SeleniumLibrary">
<arg>${FORM_INPUT_USERNAME}</arg>
<arg>timeout=10s</arg>
<doc>Waits until the element ``locator`` is visible.</doc>
<status status="PASS" start="2025-04-15T17:25:02.471580" elapsed="0.266671"/>
</kw>
<kw name="Input Text" owner="SeleniumLibrary">
<msg time="2025-04-15T17:25:02.739008" level="INFO">Typing text 'testtt' into text field 'xpath=//label[text()='Username']/ancestor::div[contains(@class,'oxd-input-group')]//input'.</msg>
<arg>${FORM_INPUT_USERNAME}</arg>
<arg>testtt</arg>
<doc>Types the given ``text`` into the text field identified by ``locator``.</doc>
<status status="PASS" start="2025-04-15T17:25:02.738621" elapsed="0.096128"/>
</kw>
<kw name="Click submit button" owner="keywords">
<kw name="Click When Visible" owner="keywords">
<kw name="Wait Until Element Is Visible" owner="SeleniumLibrary">
<arg>${locator}</arg>
<arg>timeout=${timeout}</arg>
<doc>Waits until the element ``locator`` is visible.</doc>
<status status="PASS" start="2025-04-15T17:25:02.836413" elapsed="0.018755"/>
</kw>
<kw name="Click Element" owner="SeleniumLibrary">
<msg time="2025-04-15T17:25:02.855860" level="INFO">Clicking element 'xpath=//button[@type='submit']'.</msg>
<arg>${locator}</arg>
<doc>Click the element identified by ``locator``.</doc>
<status status="PASS" start="2025-04-15T17:25:02.855522" elapsed="0.140669"/>
</kw>
<arg>${SUBMIT_BUTTON}</arg>
<status status="PASS" start="2025-04-15T17:25:02.835914" elapsed="0.160618"/>
</kw>
<status status="PASS" start="2025-04-15T17:25:02.835322" elapsed="0.161374"/>
</kw>
<status status="PASS" start="2025-04-15T17:25:01.876186" elapsed="1.120646"/>
</kw>
<kw name="Delete User">
<kw name="Admin Navigation">
<kw name="Wait Until Element Is Visible" owner="SeleniumLibrary">
<arg>${ADMIN_NAVIGATION}</arg>
<arg>timeout=10s</arg>
<doc>Waits until the element ``locator`` is visible.</doc>
<status status="PASS" start="2025-04-15T17:25:02.998825" elapsed="0.019223"/>
</kw>
<kw name="Click Element" owner="SeleniumLibrary">
<msg time="2025-04-15T17:25:03.018806" level="INFO">Clicking element 'xpath=//a[.//span[contains(normalize-space(.), 'Admin')]]'.</msg>
<arg>${ADMIN_NAVIGATION}</arg>
<doc>Click the element identified by ``locator``.</doc>
<status status="PASS" start="2025-04-15T17:25:03.018469" elapsed="0.541192"/>
</kw>
<status status="PASS" start="2025-04-15T17:25:02.998373" elapsed="0.561600"/>
</kw>
<kw name="Wait Until Element Is Visible" owner="SeleniumLibrary">
<arg>${ADMIN_FORM_INPUT_EMPLOYEE_NAME}</arg>
<arg>timeout=10s</arg>
<doc>Waits until the element ``locator`` is visible.</doc>
<status status="PASS" start="2025-04-15T17:25:03.560222" elapsed="0.268113"/>
</kw>
<kw name="Do Search">
<kw name="Click Element" owner="SeleniumLibrary">
<msg time="2025-04-15T17:25:03.829696" level="INFO">Clicking element 'xpath=//label[text()='User Role']/ancestor::div[contains(@class,'oxd-input-group')]//div[contains(@class,'oxd-select-text')]'.</msg>
<arg>${ADMIN_FORM_INPUT_ROLE}</arg>
<doc>Click the element identified by ``locator``.</doc>
<status status="PASS" start="2025-04-15T17:25:03.829360" elapsed="0.102389"/>
</kw>
<kw name="Wait Until Element Is Visible" owner="SeleniumLibrary">
<arg>${ADMIN_FORM_DROPDOWN_THIRD_ELEMENT}</arg>
<arg>timeout=5s</arg>
<doc>Waits until the element ``locator`` is visible.</doc>
<status status="PASS" start="2025-04-15T17:25:03.932249" elapsed="0.082783"/>
</kw>
<kw name="Click Element" owner="SeleniumLibrary">
<msg time="2025-04-15T17:25:04.016173" level="INFO">Clicking element 'xpath=//div[@role='listbox']//div[3]'.</msg>
<arg>${ADMIN_FORM_DROPDOWN_THIRD_ELEMENT}</arg>
<doc>Click the element identified by ``locator``.</doc>
<status status="PASS" start="2025-04-15T17:25:04.015605" elapsed="0.096232"/>
</kw>
<kw name="Click submit button" owner="keywords">
<kw name="Click When Visible" owner="keywords">
<kw name="Wait Until Element Is Visible" owner="SeleniumLibrary">
<arg>${locator}</arg>
<arg>timeout=${timeout}</arg>
<doc>Waits until the element ``locator`` is visible.</doc>
<status status="PASS" start="2025-04-15T17:25:04.113969" elapsed="0.017077"/>
</kw>
<kw name="Click Element" owner="SeleniumLibrary">
<msg time="2025-04-15T17:25:04.131731" level="INFO">Clicking element 'xpath=//button[@type='submit']'.</msg>
<arg>${locator}</arg>
<doc>Click the element identified by ``locator``.</doc>
<status status="PASS" start="2025-04-15T17:25:04.131417" elapsed="0.115453"/>
</kw>
<arg>${SUBMIT_BUTTON}</arg>
<status status="PASS" start="2025-04-15T17:25:04.113505" elapsed="0.133914"/>
</kw>
<status status="PASS" start="2025-04-15T17:25:04.112447" elapsed="0.135114"/>
</kw>
<kw name="Sleep" owner="BuiltIn">
<msg time="2025-04-15T17:25:06.248464" level="INFO">Slept 2 seconds.</msg>
<arg>2s</arg>
<doc>Pauses the test executed for the given time.</doc>
<status status="PASS" start="2025-04-15T17:25:04.247883" elapsed="2.000901"/>
</kw>
<status status="PASS" start="2025-04-15T17:25:03.828786" elapsed="2.420177"/>
</kw>
<kw name="Click delete button" owner="keywords">
<kw name="Click When Visible" owner="keywords">
<kw name="Wait Until Element Is Visible" owner="SeleniumLibrary">
<arg>${locator}</arg>
<arg>timeout=${timeout}</arg>
<doc>Waits until the element ``locator`` is visible.</doc>
<status status="PASS" start="2025-04-15T17:25:06.250306" elapsed="0.030836"/>
</kw>
<kw name="Click Element" owner="SeleniumLibrary">
<msg time="2025-04-15T17:25:06.281802" level="INFO">Clicking element 'xpath=//button/i[@class='oxd-icon bi-trash']'.</msg>
<arg>${locator}</arg>
<doc>Click the element identified by ``locator``.</doc>
<status status="PASS" start="2025-04-15T17:25:06.281467" elapsed="0.098809"/>
</kw>
<arg>${DELETE_BUTTON}</arg>
<status status="PASS" start="2025-04-15T17:25:06.249648" elapsed="0.130886"/>
</kw>
<kw name="Wait Until Element Is Visible" owner="SeleniumLibrary">
<arg>${DELETE_CONFIRM_BUTTON}</arg>
<arg>timeout=10s</arg>
<doc>Waits until the element ``locator`` is visible.</doc>
<status status="PASS" start="2025-04-15T17:25:06.380750" elapsed="0.059781"/>
</kw>
<kw name="Click When Visible" owner="keywords">
<kw name="Wait Until Element Is Visible" owner="SeleniumLibrary">
<arg>${locator}</arg>
<arg>timeout=${timeout}</arg>
<doc>Waits until the element ``locator`` is visible.</doc>
<status status="PASS" start="2025-04-15T17:25:06.442271" elapsed="0.041012"/>
</kw>
<kw name="Click Element" owner="SeleniumLibrary">
<msg time="2025-04-15T17:25:06.484272" level="INFO">Clicking element 'xpath=//button[contains(.,'Yes, Delete')]'.</msg>
<arg>${locator}</arg>
<doc>Click the element identified by ``locator``.</doc>
<status status="PASS" start="2025-04-15T17:25:06.483811" elapsed="0.175973"/>
</kw>
<arg>${DELETE_CONFIRM_BUTTON}</arg>
<status status="PASS" start="2025-04-15T17:25:06.441562" elapsed="0.218449"/>
</kw>
<status status="PASS" start="2025-04-15T17:25:06.249207" elapsed="0.410938"/>
</kw>
<kw name="Wait Until Element Is Visible" owner="SeleniumLibrary">
<arg>${ADMIN_FORM_INPUT_EMPLOYEE_NAME}</arg>
<arg>timeout=10s</arg>
<doc>Waits until the element ``locator`` is visible.</doc>
<status status="PASS" start="2025-04-15T17:25:06.660370" elapsed="0.022657"/>
</kw>
<status status="PASS" start="2025-04-15T17:25:02.997796" elapsed="3.685585"/>
</kw>
<kw name="Logout" owner="keywords">
<kw name="Click When Visible" owner="keywords">
<kw name="Wait Until Element Is Visible" owner="SeleniumLibrary">
<arg>${locator}</arg>
<arg>timeout=${timeout}</arg>
<doc>Waits until the element ``locator`` is visible.</doc>
<status status="PASS" start="2025-04-15T17:25:06.686199" elapsed="0.057719"/>
</kw>
<kw name="Click Element" owner="SeleniumLibrary">
<msg time="2025-04-15T17:25:06.744371" level="INFO">Clicking element 'xpath=//span[@class='oxd-userdropdown-tab']'.</msg>
<arg>${locator}</arg>
<doc>Click the element identified by ``locator``.</doc>
<status status="PASS" start="2025-04-15T17:25:06.744144" elapsed="0.074432"/>
</kw>
<arg>${ACCOUNT_BUTTON}</arg>
<status status="PASS" start="2025-04-15T17:25:06.685369" elapsed="0.133378"/>
</kw>
<kw name="Click When Visible" owner="keywords">
<kw name="Wait Until Element Is Visible" owner="SeleniumLibrary">
<arg>${locator}</arg>
<arg>timeout=${timeout}</arg>
<doc>Waits until the element ``locator`` is visible.</doc>
<status status="PASS" start="2025-04-15T17:25:06.819231" elapsed="0.253548"/>
</kw>
<kw name="Click Element" owner="SeleniumLibrary">
<msg time="2025-04-15T17:25:07.073776" level="INFO">Clicking element 'xpath=//a[text()='Logout']'.</msg>
<arg>${locator}</arg>
<doc>Click the element identified by ``locator``.</doc>
<status status="PASS" start="2025-04-15T17:25:07.073084" elapsed="0.569756"/>
</kw>
<arg>${LOGOUT_BUTTON}</arg>
<status status="PASS" start="2025-04-15T17:25:06.818905" elapsed="0.824155"/>
</kw>
<kw name="Wait Until Element Is Visible" owner="SeleniumLibrary">
<arg>${LOGIN_INPUT_USERNAME}</arg>
<arg>timeout=10s</arg>
<doc>Waits until the element ``locator`` is visible.</doc>
<status status="PASS" start="2025-04-15T17:25:07.643257" elapsed="0.236753"/>
</kw>
<kw name="Page Should Contain Element" owner="SeleniumLibrary">
<msg time="2025-04-15T17:25:07.889185" level="INFO">Current page contains element 'xpath=//input[@name='username']'.</msg>
<arg>${LOGIN_INPUT_USERNAME}</arg>
<doc>Verifies that element ``locator`` is found on the current page.</doc>
<status status="PASS" start="2025-04-15T17:25:07.880404" elapsed="0.009037"/>
</kw>
<status status="PASS" start="2025-04-15T17:25:06.684588" elapsed="1.205005"/>
</kw>
<tag>tnr</tag>
<status status="PASS" start="2025-04-15T17:24:53.918075" elapsed="13.972118"/>
</test>
<kw name="Close Browser" owner="SeleniumLibrary" type="TEARDOWN">
<doc>Closes the current browser.</doc>
<status status="PASS" start="2025-04-15T17:25:07.892048" elapsed="2.235524"/>
</kw>
<status status="PASS" start="2025-04-15T17:24:50.148822" elapsed="19.978937"/>
</suite>
<statistics>
<total>
<stat pass="1" fail="0" skip="0">All Tests</stat>
</total>
<tag>
<stat pass="1" fail="0" skip="0">tnr</stat>
</tag>
<suite>
<stat name="User Manager Selenium Robot Test" id="s1" pass="1" fail="0" skip="0">User Manager Selenium Robot Test</stat>
</suite>
</statistics>
<errors>
</errors>
</robot>
